<?xml version="1.0" encoding="UTF-8"?>
<!-- Generated by org.testng.reporters.JUnitReportReporter -->
<testsuite hostname="LAPTOP-N7KC6L93" failures="0" tests="1" name="coverFox_test.TC123_CoverFox_ValidateBanner" time="11.394" errors="0" timestamp="2024-10-14T19:00:31 IST" skipped="0">
  <testcase classname="coverFox_test.TC123_CoverFox_ValidateBanner" name="validatePolicyCount" time="11.394">
    <system-out>
      <![CDATA[validatePolicyCount test is running
Screenshot taken]]>
    </system-out>
  </testcase> <!-- validatePolicyCount -->
  <system-out>
    <![CDATA[Launching Browsertrue
Clicking Gender Button
Clicking on NextButton
Selecting Age
Clicking on Next Button
Entering pincode
Entering mobNum
Clicking on continue button
validatePolicyCount test is running
Screenshot taken
Closing Browsertrue]]>
  </system-out>
</testsuite> <!-- coverFox_test.TC123_CoverFox_ValidateBanner -->
